<?xml version="1.0" encoding="UTF-8"?>
<!-- Generated by org.testng.reporters.JUnitXMLReporter -->
<testsuite hostname="DESKTOP-89OTHQ5" ignored="0" name="LoginTest" tests="6" failures="1" timestamp="20 Jun 2020 04:13:22 GMT" time="5.557" errors="0">
  <testcase name="launchLogin" time="0.093" classname="com.onlineproject.LoginTest">
    <skipped/>
  </testcase> <!-- launchLogin -->
  <testcase name="launchLogin" time="0.004" classname="com.onlineproject.LoginTest">
    <skipped/>
  </testcase> <!-- launchLogin -->
  <testcase name="launchLogin" time="0.003" classname="com.onlineproject.LoginTest">
    <skipped/>
  </testcase> <!-- launchLogin -->
  <testcase name="launchLogin" time="0.004" classname="com.onlineproject.LoginTest">
    <failure type="java.lang.AssertionError" message="expected [true] but found [false]">
      <![CDATA[java.lang.AssertionError: expected [true] but found [false]
at com.onlineproject.LoginTest.launchLogin(LoginTest.java:22)
... Removed 29 stack frames]]>
    </failure>
  </testcase> <!-- launchLogin -->
  <testcase name="loginTest" time="4.422" classname="com.onlineproject.LoginTest"/>
  <testcase name="titleTest" time="0.023" classname="com.onlineproject.LoginTest"/>
</testsuite> <!-- LoginTest -->
